150703 15:29:01 [Note] Plugin 'FEDERATED' is disabled.
150703 15:29:01 InnoDB: The InnoDB memory heap is disabled
150703 15:29:01 InnoDB: Mutexes and rw_locks use Windows interlocked functions
150703 15:29:01 InnoDB: Compressed tables use zlib 1.2.3
150703 15:29:01 InnoDB: Initializing buffer pool, size = 128.0M
150703 15:29:01 InnoDB: Completed initialization of buffer pool
InnoDB: The first specified data file .\ibdata1 did not exist:
InnoDB: a new database to be created!
150703 15:29:01  InnoDB: Setting file .\ibdata1 size to 10 MB
InnoDB: Database physically writes the file full: wait...
150703 15:29:01  InnoDB: Log file .\ib_logfile0 did not exist: new to be created
InnoDB: Setting log file .\ib_logfile0 size to 5 MB
InnoDB: Database physically writes the file full: wait...
150703 15:29:02  InnoDB: Log file .\ib_logfile1 did not exist: new to be created
InnoDB: Setting log file .\ib_logfile1 size to 5 MB
InnoDB: Database physically writes the file full: wait...
InnoDB: Doublewrite buffer not found: creating new
InnoDB: Doublewrite buffer created
InnoDB: 127 rollback segment(s) active.
InnoDB: Creating foreign key constraint system tables
InnoDB: Foreign key constraint system tables created
150703 15:29:02  InnoDB: Waiting for the background threads to start
150703 15:29:03 InnoDB: 1.1.8 started; log sequence number 0
150703 15:29:03 [Note] Server hostname (bind-address): '127.0.0.1'; port: 3306
150703 15:29:03 [Note]   - '127.0.0.1' resolves to '127.0.0.1';
150703 15:29:03 [Note] Server socket created on IP: '127.0.0.1'.
150703 15:29:03 [Note] Event Scheduler: Loaded 0 events
150703 15:29:03 [Note] \usr\local\mysql-5.5\bin\mysqld.exe: ready for connections.
Version: '5.5.25'  socket: ''  port: 3306  MySQL Community Server (GPL)
150703 16:39:18 [Note] Plugin 'FEDERATED' is disabled.
150703 16:39:18 InnoDB: The InnoDB memory heap is disabled
150703 16:39:18 InnoDB: Mutexes and rw_locks use Windows interlocked functions
150703 16:39:18 InnoDB: Compressed tables use zlib 1.2.3
150703 16:39:18 InnoDB: Initializing buffer pool, size = 128.0M
150703 16:39:18 InnoDB: Completed initialization of buffer pool
150703 16:39:18 InnoDB: highest supported file format is Barracuda.
InnoDB: The log sequence number in ibdata files does not match
InnoDB: the log sequence number in the ib_logfiles!
150703 16:39:18  InnoDB: Database was not shut down normally!
InnoDB: Starting crash recovery.
InnoDB: Reading tablespace information from the .ibd files...
InnoDB: Restoring possible half-written data pages from the doublewrite
InnoDB: buffer...
150703 16:39:20  InnoDB: Waiting for the background threads to start
150703 16:39:21 InnoDB: 1.1.8 started; log sequence number 1620026
150703 16:39:21 [Note] Server hostname (bind-address): '127.0.0.1'; port: 3306
150703 16:39:21 [Note]   - '127.0.0.1' resolves to '127.0.0.1';
150703 16:39:21 [Note] Server socket created on IP: '127.0.0.1'.
150703 16:39:21 [Note] Event Scheduler: Loaded 0 events
150703 16:39:21 [Note] \usr\local\mysql-5.5\bin\mysqld.exe: ready for connections.
Version: '5.5.25'  socket: ''  port: 3306  MySQL Community Server (GPL)
150704  0:10:08 [Note] Plugin 'FEDERATED' is disabled.
150704  0:10:08 InnoDB: The InnoDB memory heap is disabled
150704  0:10:08 InnoDB: Mutexes and rw_locks use Windows interlocked functions
150704  0:10:08 InnoDB: Compressed tables use zlib 1.2.3
150704  0:10:08 InnoDB: Initializing buffer pool, size = 128.0M
150704  0:10:08 InnoDB: Completed initialization of buffer pool
150704  0:10:08 InnoDB: highest supported file format is Barracuda.
InnoDB: The log sequence number in ibdata files does not match
InnoDB: the log sequence number in the ib_logfiles!
150704  0:10:09  InnoDB: Database was not shut down normally!
InnoDB: Starting crash recovery.
InnoDB: Reading tablespace information from the .ibd files...
InnoDB: Restoring possible half-written data pages from the doublewrite
InnoDB: buffer...
150704  0:10:12  InnoDB: Waiting for the background threads to start
150704  0:10:13 InnoDB: 1.1.8 started; log sequence number 1629277
150704  0:10:14 [Note] Server hostname (bind-address): '127.0.0.1'; port: 3306
150704  0:10:14 [Note]   - '127.0.0.1' resolves to '127.0.0.1';
150704  0:10:14 [Note] Server socket created on IP: '127.0.0.1'.
150704  0:10:16 [Note] Event Scheduler: Loaded 0 events
150704  0:10:16 [Note] \usr\local\mysql-5.5\bin\mysqld.exe: ready for connections.
Version: '5.5.25'  socket: ''  port: 3306  MySQL Community Server (GPL)
150706 15:07:09 [Note] Plugin 'FEDERATED' is disabled.
150706 15:07:09 InnoDB: The InnoDB memory heap is disabled
150706 15:07:09 InnoDB: Mutexes and rw_locks use Windows interlocked functions
150706 15:07:09 InnoDB: Compressed tables use zlib 1.2.3
150706 15:07:09 InnoDB: Initializing buffer pool, size = 128.0M
150706 15:07:09 InnoDB: Completed initialization of buffer pool
150706 15:07:09 InnoDB: highest supported file format is Barracuda.
InnoDB: The log sequence number in ibdata files does not match
InnoDB: the log sequence number in the ib_logfiles!
150706 15:07:09  InnoDB: Database was not shut down normally!
InnoDB: Starting crash recovery.
InnoDB: Reading tablespace information from the .ibd files...
InnoDB: Restoring possible half-written data pages from the doublewrite
InnoDB: buffer...
150706 15:07:13  InnoDB: Waiting for the background threads to start
150706 15:07:14 InnoDB: 1.1.8 started; log sequence number 1629287
150706 15:07:14 [Note] Server hostname (bind-address): '127.0.0.1'; port: 3306
150706 15:07:14 [Note]   - '127.0.0.1' resolves to '127.0.0.1';
150706 15:07:14 [Note] Server socket created on IP: '127.0.0.1'.
150706 15:07:18 [Note] Event Scheduler: Loaded 0 events
150706 15:07:18 [Note] \usr\local\mysql-5.5\bin\mysqld.exe: ready for connections.
Version: '5.5.25'  socket: ''  port: 3306  MySQL Community Server (GPL)
150707  9:48:25 [Note] Plugin 'FEDERATED' is disabled.
150707  9:48:25 InnoDB: The InnoDB memory heap is disabled
150707  9:48:25 InnoDB: Mutexes and rw_locks use Windows interlocked functions
150707  9:48:25 InnoDB: Compressed tables use zlib 1.2.3
150707  9:48:25 InnoDB: Initializing buffer pool, size = 128.0M
150707  9:48:25 InnoDB: Completed initialization of buffer pool
150707  9:48:25 InnoDB: highest supported file format is Barracuda.
InnoDB: The log sequence number in ibdata files does not match
InnoDB: the log sequence number in the ib_logfiles!
150707  9:48:25  InnoDB: Database was not shut down normally!
InnoDB: Starting crash recovery.
InnoDB: Reading tablespace information from the .ibd files...
InnoDB: Restoring possible half-written data pages from the doublewrite
InnoDB: buffer...
150707  9:48:34  InnoDB: Waiting for the background threads to start
150707  9:48:35 InnoDB: 1.1.8 started; log sequence number 1651868
150707  9:48:35 [Note] Server hostname (bind-address): '127.0.0.1'; port: 3306
150707  9:48:35 [Note]   - '127.0.0.1' resolves to '127.0.0.1';
150707  9:48:35 [Note] Server socket created on IP: '127.0.0.1'.
150707  9:48:37 [Note] Event Scheduler: Loaded 0 events
150707  9:48:37 [Note] \usr\local\mysql-5.5\bin\mysqld.exe: ready for connections.
Version: '5.5.25'  socket: ''  port: 3306  MySQL Community Server (GPL)
150707 10:00:21 [Note] Plugin 'FEDERATED' is disabled.
150707 10:00:21 InnoDB: The InnoDB memory heap is disabled
150707 10:00:21 InnoDB: Mutexes and rw_locks use Windows interlocked functions
150707 10:00:21 InnoDB: Compressed tables use zlib 1.2.3
150707 10:00:21 InnoDB: Initializing buffer pool, size = 128.0M
150707 10:00:21 InnoDB: Completed initialization of buffer pool
150707 10:00:21 InnoDB: highest supported file format is Barracuda.
InnoDB: The log sequence number in ibdata files does not match
InnoDB: the log sequence number in the ib_logfiles!
150707 10:00:21  InnoDB: Database was not shut down normally!
InnoDB: Starting crash recovery.
InnoDB: Reading tablespace information from the .ibd files...
InnoDB: Restoring possible half-written data pages from the doublewrite
InnoDB: buffer...
150707 10:00:21  InnoDB: Waiting for the background threads to start
150707 10:00:22 InnoDB: 1.1.8 started; log sequence number 1651878
150707 10:00:22 [Note] Server hostname (bind-address): '127.0.0.1'; port: 3306
150707 10:00:22 [Note]   - '127.0.0.1' resolves to '127.0.0.1';
150707 10:00:22 [Note] Server socket created on IP: '127.0.0.1'.
150707 10:00:22 [Note] Event Scheduler: Loaded 0 events
150707 10:00:22 [Note] \usr\local\mysql-5.5\bin\mysqld.exe: ready for connections.
Version: '5.5.25'  socket: ''  port: 3306  MySQL Community Server (GPL)
150707 10:03:05 [Note] Plugin 'FEDERATED' is disabled.
150707 10:03:05 InnoDB: The InnoDB memory heap is disabled
150707 10:03:05 InnoDB: Mutexes and rw_locks use Windows interlocked functions
150707 10:03:05 InnoDB: Compressed tables use zlib 1.2.3
150707 10:03:05 InnoDB: Initializing buffer pool, size = 128.0M
150707 10:03:05 InnoDB: Completed initialization of buffer pool
150707 10:03:05 InnoDB: highest supported file format is Barracuda.
InnoDB: The log sequence number in ibdata files does not match
InnoDB: the log sequence number in the ib_logfiles!
150707 10:03:05  InnoDB: Database was not shut down normally!
InnoDB: Starting crash recovery.
InnoDB: Reading tablespace information from the .ibd files...
InnoDB: Restoring possible half-written data pages from the doublewrite
InnoDB: buffer...
150707 10:03:06  InnoDB: Waiting for the background threads to start
150707 10:03:07 InnoDB: 1.1.8 started; log sequence number 1651878
150707 10:03:07 [Note] Server hostname (bind-address): '127.0.0.1'; port: 3306
150707 10:03:07 [Note]   - '127.0.0.1' resolves to '127.0.0.1';
150707 10:03:07 [Note] Server socket created on IP: '127.0.0.1'.
150707 10:03:07 [Note] Event Scheduler: Loaded 0 events
150707 10:03:07 [Note] \usr\local\mysql-5.5\bin\mysqld.exe: ready for connections.
Version: '5.5.25'  socket: ''  port: 3306  MySQL Community Server (GPL)
